2019-02-27T03:57:13+00:00 CRITICAL Uncaught Error: Call to undefined function pll_get_post_types() in /Library/WebServer/Documents/mirishop/wp-content/themes/storefront/inc/woocommerce/storefront-woocommerce-template-functions.php:263
Stack trace:
#0 /Library/WebServer/Documents/mirishop/wp-includes/class-wp-hook.php(286): storefront_product_categories(Array)
#1 /Library/WebServer/Documents/mirishop/wp-includes/class-wp-hook.php(310): WP_Hook->apply_filters(NULL, Array)
#2 /Library/WebServer/Documents/mirishop/wp-includes/plugin.php(453): WP_Hook->do_action(Array)
#3 /Library/WebServer/Documents/mirishop/wp-content/themes/storefront/template-homepage.php(31): do_action('homepage')
#4 /Library/WebServer/Documents/mirishop/wp-includes/template-loader.php(74): include('/Library/WebSer...')
#5 /Library/WebServer/Documents/mirishop/wp-blog-header.php(19): require_once('/Library/WebSer...')
#6 /Library/WebServer/Documents/mirishop/index.php(17): require('/Library/WebSer...')
#7 {main}
  thrown in /Library/WebServer/Documents/mirishop/wp-content/themes/storefront/inc/woocommerce/storefront-woocommerce-template-functions.php on line 263

2019-02-27T04:00:38+00:00 CRITICAL Uncaught Error: Call to undefined function pll_get_post_types() in /Library/WebServer/Documents/mirishop/wp-content/themes/storefront/inc/woocommerce/storefront-woocommerce-template-functions.php:263
Stack trace:
#0 /Library/WebServer/Documents/mirishop/wp-includes/class-wp-hook.php(286): storefront_product_categories(Array)
#1 /Library/WebServer/Documents/mirishop/wp-includes/class-wp-hook.php(310): WP_Hook->apply_filters(NULL, Array)
#2 /Library/WebServer/Documents/mirishop/wp-includes/plugin.php(453): WP_Hook->do_action(Array)
#3 /Library/WebServer/Documents/mirishop/wp-content/themes/storefront/template-homepage.php(31): do_action('homepage')
#4 /Library/WebServer/Documents/mirishop/wp-includes/template-loader.php(74): include('/Library/WebSer...')
#5 /Library/WebServer/Documents/mirishop/wp-blog-header.php(19): require_once('/Library/WebSer...')
#6 /Library/WebServer/Documents/mirishop/index.php(17): require('/Library/WebSer...')
#7 {main}
  thrown in /Library/WebServer/Documents/mirishop/wp-content/themes/storefront/inc/woocommerce/storefront-woocommerce-template-functions.php on line 263

